# JRE version: OpenJDK Runtime Environment (8.0_152-b01) (build 1.8.0_152-release-915-b01)
# Java VM: OpenJDK 64-Bit Server VM (25.152-b01 mixed mode windows-amd64 compressed oops)
Heap:
 PSYoungGen      total 268800K, used 159727K [0x00000000e0000000, 0x00000000f2b00000, 0x0000000100000000)
  eden space 238592K, 60% used [0x00000000e0000000,0x00000000e8c38a50,0x00000000ee900000)
  from space 30208K, 53% used [0x00000000f0d80000,0x00000000f1d431b0,0x00000000f2b00000)
  to   space 33792K, 0% used [0x00000000ee900000,0x00000000ee900000,0x00000000f0a00000)
 ParOldGen       total 154112K, used 59845K [0x00000000a0000000, 0x00000000a9680000, 0x00000000e0000000)
  object space 154112K, 38% used [0x00000000a0000000,0x00000000a3a71430,0x00000000a9680000)
 Metaspace       used 74619K, capacity 78753K, committed 78936K, reserved 1118208K
  class space    used 9641K, capacity 10613K, committed 10624K, reserved 1048576K
GC Heap History (10 events):
Event: 5229.332 GC heap before
{Heap before GC invocations=23 (full 3):
 PSYoungGen      total 168448K, used 168096K [0x00000000e0000000, 0x00000000ec600000, 0x0000000100000000)
  eden space 154624K, 100% used [0x00000000e0000000,0x00000000e9700000,0x00000000e9700000)
  from space 13824K, 97% used [0x00000000e9b80000,0x00000000ea8a8058,0x00000000ea900000)
  to   space 24064K, 0% used [0x00000000eae80000,0x00000000eae80000,0x00000000ec600000)
 ParOldGen       total 154112K, used 47316K [0x00000000a0000000, 0x00000000a9680000, 0x00000000e0000000)
  object space 154112K, 30% used [0x00000000a0000000,0x00000000a2e351f0,0x00000000a9680000)
 Metaspace       used 72201K, capacity 75979K, committed 76248K, reserved 1116160K
  class space    used 9333K, capacity 10236K, committed 10240K, reserved 1048576K
Event: 5229.377 GC heap after
Heap after GC invocations=23 (full 3):
 PSYoungGen      total 174080K, used 24059K [0x00000000e0000000, 0x00000000ec880000, 0x0000000100000000)
  eden space 150016K, 0% used [0x00000000e0000000,0x00000000e0000000,0x00000000e9280000)
  from space 24064K, 99% used [0x00000000eae80000,0x00000000ec5fec90,0x00000000ec600000)
  to   space 27648K, 0% used [0x00000000e9280000,0x00000000e9280000,0x00000000ead80000)
 ParOldGen       total 154112K, used 48302K [0x00000000a0000000, 0x00000000a9680000, 0x00000000e0000000)
  object space 154112K, 31% used [0x00000000a0000000,0x00000000a2f2bb20,0x00000000a9680000)
 Metaspace       used 72201K, capacity 75979K, committed 76248K, reserved 1116160K
  class space    used 9333K, capacity 10236K, committed 10240K, reserved 1048576K
}
Event: 5230.197 GC heap before
{Heap before GC invocations=24 (full 3):
 PSYoungGen      total 174080K, used 173078K [0x00000000e0000000, 0x00000000ec880000, 0x0000000100000000)
  eden space 150016K, 99% used [0x00000000e0000000,0x00000000e9186ca0,0x00000000e9280000)
  from space 24064K, 99% used [0x00000000eae80000,0x00000000ec5fec90,0x00000000ec600000)
  to   space 27648K, 0% used [0x00000000e9280000,0x00000000e9280000,0x00000000ead80000)
 ParOldGen       total 154112K, used 48302K [0x00000000a0000000, 0x00000000a9680000, 0x00000000e0000000)
  object space 154112K, 31% used [0x00000000a0000000,0x00000000a2f2bb20,0x00000000a9680000)
 Metaspace       used 73096K, capacity 76923K, committed 77272K, reserved 1116160K
  class space    used 9466K, capacity 10396K, committed 10496K, reserved 1048576K
Event: 5230.228 GC heap after
Heap after GC invocations=24 (full 3):
 PSYoungGen      total 177664K, used 25440K [0x00000000e0000000, 0x00000000eeb00000, 0x0000000100000000)
  eden space 150016K, 0% used [0x00000000e0000000,0x00000000e0000000,0x00000000e9280000)
  from space 27648K, 92% used [0x00000000e9280000,0x00000000eab580a8,0x00000000ead80000)
  to   space 30720K, 0% used [0x00000000ecd00000,0x00000000ecd00000,0x00000000eeb00000)
 ParOldGen       total 154112K, used 48310K [0x00000000a0000000, 0x00000000a9680000, 0x00000000e0000000)
  object space 154112K, 31% used [0x00000000a0000000,0x00000000a2f2db20,0x00000000a9680000)
 Metaspace       used 73096K, capacity 76923K, committed 77272K, reserved 1116160K
  class space    used 9466K, capacity 10396K, committed 10496K, reserved 1048576K
}
Event: 5230.251 GC heap before
{Heap before GC invocations=25 (full 3):
 PSYoungGen      total 177664K, used 174696K [0x00000000e0000000, 0x00000000eeb00000, 0x0000000100000000)
  eden space 150016K, 99% used [0x00000000e0000000,0x00000000e91c20c0,0x00000000e9280000)
  from space 27648K, 92% used [0x00000000e9280000,0x00000000eab580a8,0x00000000ead80000)
  to   space 30720K, 0% used [0x00000000ecd00000,0x00000000ecd00000,0x00000000eeb00000)
 ParOldGen       total 154112K, used 48310K [0x00000000a0000000, 0x00000000a9680000, 0x00000000e0000000)
  object space 154112K, 31% used [0x00000000a0000000,0x00000000a2f2db20,0x00000000a9680000)
 Metaspace       used 73108K, capacity 76923K, committed 77272K, reserved 1116160K
  class space    used 9466K, capacity 10396K, committed 10496K, reserved 1048576K
Event: 5230.284 GC heap after
Heap after GC invocations=25 (full 3):
 PSYoungGen      total 207360K, used 24651K [0x00000000e0000000, 0x00000000f0a00000, 0x0000000100000000)
  eden space 176640K, 0% used [0x00000000e0000000,0x00000000e0000000,0x00000000eac80000)
  from space 30720K, 80% used [0x00000000ecd00000,0x00000000ee512ca0,0x00000000eeb00000)
  to   space 33280K, 0% used [0x00000000eac80000,0x00000000eac80000,0x00000000ecd00000)
 ParOldGen       total 154112K, used 48318K [0x00000000a0000000, 0x00000000a9680000, 0x00000000e0000000)
  object space 154112K, 31% used [0x00000000a0000000,0x00000000a2f2fb20,0x00000000a9680000)
 Metaspace       used 73108K, capacity 76923K, committed 77272K, reserved 1116160K
  class space    used 9466K, capacity 10396K, committed 10496K, reserved 1048576K
}
Event: 5232.973 GC heap before
{Heap before GC invocations=26 (full 3):
 PSYoungGen      total 207360K, used 201291K [0x00000000e0000000, 0x00000000f0a00000, 0x0000000100000000)
  eden space 176640K, 100% used [0x00000000e0000000,0x00000000eac80000,0x00000000eac80000)
  from space 30720K, 80% used [0x00000000ecd00000,0x00000000ee512ca0,0x00000000eeb00000)
  to   space 33280K, 0% used [0x00000000eac80000,0x00000000eac80000,0x00000000ecd00000)
 ParOldGen       total 154112K, used 48318K [0x00000000a0000000, 0x00000000a9680000, 0x00000000e0000000)
  object space 154112K, 31% used [0x00000000a0000000,0x00000000a2f2fb20,0x00000000a9680000)
 Metaspace       used 73663K, capacity 77759K, committed 77912K, reserved 1116160K
  class space    used 9558K, capacity 10518K, committed 10624K, reserved 1048576K
Event: 5233.010 GC heap after
Heap after GC invocations=26 (full 3):
 PSYoungGen      total 209920K, used 27439K [0x00000000e0000000, 0x00000000f3080000, 0x0000000100000000)
  eden space 176640K, 0% used [0x00000000e0000000,0x00000000e0000000,0x00000000eac80000)
  from space 33280K, 82% used [0x00000000eac80000,0x00000000ec74bd30,0x00000000ecd00000)
  to   space 35840K, 0% used [0x00000000f0d80000,0x00000000f0d80000,0x00000000f3080000)
 ParOldGen       total 154112K, used 52887K [0x00000000a0000000, 0x00000000a9680000, 0x00000000e0000000)
  object space 154112K, 34% used [0x00000000a0000000,0x00000000a33a5f20,0x00000000a9680000)
 Metaspace       used 73663K, capacity 77759K, committed 77912K, reserved 1116160K
  class space    used 9558K, capacity 10518K, committed 10624K, reserved 1048576K
}
Event: 5234.332 GC heap before
{Heap before GC invocations=27 (full 3):
 PSYoungGen      total 209920K, used 203346K [0x00000000e0000000, 0x00000000f3080000, 0x0000000100000000)
  eden space 176640K, 99% used [0x00000000e0000000,0x00000000eabc8e48,0x00000000eac80000)
  from space 33280K, 82% used [0x00000000eac80000,0x00000000ec74bd30,0x00000000ecd00000)
  to   space 35840K, 0% used [0x00000000f0d80000,0x00000000f0d80000,0x00000000f3080000)
 ParOldGen       total 154112K, used 52887K [0x00000000a0000000, 0x00000000a9680000, 0x00000000e0000000)
  object space 154112K, 34% used [0x00000000a0000000,0x00000000a33a5f20,0x00000000a9680000)
 Metaspace       used 73779K, capacity 77827K, committed 78168K, reserved 1116160K
  class space    used 9567K, capacity 10530K, committed 10624K, reserved 1048576K
Event: 5234.379 GC heap after
Heap after GC invocations=27 (full 3):
 PSYoungGen      total 268800K, used 16140K [0x00000000e0000000, 0x00000000f2b00000, 0x0000000100000000)
  eden space 238592K, 0% used [0x00000000e0000000,0x00000000e0000000,0x00000000ee900000)
  from space 30208K, 53% used [0x00000000f0d80000,0x00000000f1d431b0,0x00000000f2b00000)
  to   space 33792K, 0% used [0x00000000ee900000,0x00000000ee900000,0x00000000f0a00000)
 ParOldGen       total 154112K, used 59845K [0x00000000a0000000, 0x00000000a9680000, 0x00000000e0000000)
  object space 154112K, 38% used [0x00000000a0000000,0x00000000a3a71430,0x00000000a9680000)
 Metaspace       used 73779K, capacity 77827K, committed 78168K, reserved 1116160K
  class space    used 9567K, capacity 10530K, committed 10624K, reserved 1048576K
}

