# JRE version: OpenJDK Runtime Environment (8.0_152-b01) (build 1.8.0_152-release-915-b01)
# Java VM: OpenJDK 64-Bit Server VM (25.152-b01 mixed mode windows-amd64 compressed oops)
Heap:
 PSYoungGen      total 174080K, used 34397K [0x00000000e0000000, 0x00000000ee500000, 0x0000000100000000)
  eden space 151552K, 7% used [0x00000000e0000000,0x00000000e0b9a740,0x00000000e9400000)
  from space 22528K, 99% used [0x00000000e9400000,0x00000000ea9fce20,0x00000000eaa00000)
  to   space 27136K, 0% used [0x00000000eca80000,0x00000000eca80000,0x00000000ee500000)
 ParOldGen       total 143872K, used 37972K [0x00000000a0000000, 0x00000000a8c80000, 0x00000000e0000000)
  object space 143872K, 26% used [0x00000000a0000000,0x00000000a25153f8,0x00000000a8c80000)
 Metaspace       used 66105K, capacity 68532K, committed 68756K, reserved 1110016K
  class space    used 8580K, capacity 9121K, committed 9148K, reserved 1048576K
GC Heap History (10 events):
Event: 18.347 GC heap before
{Heap before GC invocations=16 (full 2):
 PSYoungGen      total 108032K, used 108013K [0x00000000e0000000, 0x00000000e9500000, 0x0000000100000000)
  eden space 94208K, 100% used [0x00000000e0000000,0x00000000e5c00000,0x00000000e5c00000)
  from space 13824K, 99% used [0x00000000e5c00000,0x00000000e697b4f0,0x00000000e6980000)
  to   space 17408K, 0% used [0x00000000e8400000,0x00000000e8400000,0x00000000e9500000)
 ParOldGen       total 104960K, used 21412K [0x00000000a0000000, 0x00000000a6680000, 0x00000000e0000000)
  object space 104960K, 20% used [0x00000000a0000000,0x00000000a14e9370,0x00000000a6680000)
 Metaspace       used 55191K, capacity 57052K, committed 57304K, reserved 1099776K
  class space    used 7451K, capacity 7893K, committed 7936K, reserved 1048576K
Event: 18.377 GC heap after
Heap after GC invocations=16 (full 2):
 PSYoungGen      total 132096K, used 17405K [0x00000000e0000000, 0x00000000e9a00000, 0x0000000100000000)
  eden space 114688K, 0% used [0x00000000e0000000,0x00000000e0000000,0x00000000e7000000)
  from space 17408K, 99% used [0x00000000e8400000,0x00000000e94ff4f0,0x00000000e9500000)
  to   space 20480K, 0% used [0x00000000e7000000,0x00000000e7000000,0x00000000e8400000)
 ParOldGen       total 104960K, used 23531K [0x00000000a0000000, 0x00000000a6680000, 0x00000000e0000000)
  object space 104960K, 22% used [0x00000000a0000000,0x00000000a16faf18,0x00000000a6680000)
 Metaspace       used 55191K, capacity 57052K, committed 57304K, reserved 1099776K
  class space    used 7451K, capacity 7893K, committed 7936K, reserved 1048576K
}
Event: 18.816 GC heap before
{Heap before GC invocations=17 (full 2):
 PSYoungGen      total 132096K, used 30869K [0x00000000e0000000, 0x00000000e9a00000, 0x0000000100000000)
  eden space 114688K, 11% used [0x00000000e0000000,0x00000000e0d262d0,0x00000000e7000000)
  from space 17408K, 99% used [0x00000000e8400000,0x00000000e94ff4f0,0x00000000e9500000)
  to   space 20480K, 0% used [0x00000000e7000000,0x00000000e7000000,0x00000000e8400000)
 ParOldGen       total 104960K, used 23531K [0x00000000a0000000, 0x00000000a6680000, 0x00000000e0000000)
  object space 104960K, 22% used [0x00000000a0000000,0x00000000a16faf18,0x00000000a6680000)
 Metaspace       used 56866K, capacity 58956K, committed 59028K, reserved 1099776K
  class space    used 7611K, capacity 8079K, committed 8124K, reserved 1048576K
Event: 18.858 GC heap after
Heap after GC invocations=17 (full 2):
 PSYoungGen      total 135168K, used 19609K [0x00000000e0000000, 0x00000000ec880000, 0x0000000100000000)
  eden space 114688K, 0% used [0x00000000e0000000,0x00000000e0000000,0x00000000e7000000)
  from space 20480K, 95% used [0x00000000e7000000,0x00000000e8326658,0x00000000e8400000)
  to   space 23040K, 0% used [0x00000000eb200000,0x00000000eb200000,0x00000000ec880000)
 ParOldGen       total 104960K, used 23539K [0x00000000a0000000, 0x00000000a6680000, 0x00000000e0000000)
  object space 104960K, 22% used [0x00000000a0000000,0x00000000a16fcf18,0x00000000a6680000)
 Metaspace       used 56866K, capacity 58956K, committed 59028K, reserved 1099776K
  class space    used 7611K, capacity 8079K, committed 8124K, reserved 1048576K
}
Event: 18.858 GC heap before
{Heap before GC invocations=18 (full 3):
 PSYoungGen      total 135168K, used 19609K [0x00000000e0000000, 0x00000000ec880000, 0x0000000100000000)
  eden space 114688K, 0% used [0x00000000e0000000,0x00000000e0000000,0x00000000e7000000)
  from space 20480K, 95% used [0x00000000e7000000,0x00000000e8326658,0x00000000e8400000)
  to   space 23040K, 0% used [0x00000000eb200000,0x00000000eb200000,0x00000000ec880000)
 ParOldGen       total 104960K, used 23539K [0x00000000a0000000, 0x00000000a6680000, 0x00000000e0000000)
  object space 104960K, 22% used [0x00000000a0000000,0x00000000a16fcf18,0x00000000a6680000)
 Metaspace       used 56866K, capacity 58956K, committed 59028K, reserved 1099776K
  class space    used 7611K, capacity 8079K, committed 8124K, reserved 1048576K
Event: 19.129 GC heap after
Heap after GC invocations=18 (full 3):
 PSYoungGen      total 135168K, used 0K [0x00000000e0000000, 0x00000000ec880000, 0x0000000100000000)
  eden space 114688K, 0% used [0x00000000e0000000,0x00000000e0000000,0x00000000e7000000)
  from space 20480K, 0% used [0x00000000e7000000,0x00000000e7000000,0x00000000e8400000)
  to   space 23040K, 0% used [0x00000000eb200000,0x00000000eb200000,0x00000000ec880000)
 ParOldGen       total 143872K, used 33407K [0x00000000a0000000, 0x00000000a8c80000, 0x00000000e0000000)
  object space 143872K, 23% used [0x00000000a0000000,0x00000000a209ff98,0x00000000a8c80000)
 Metaspace       used 56866K, capacity 58956K, committed 59028K, reserved 1099776K
  class space    used 7611K, capacity 8079K, committed 8124K, reserved 1048576K
}
Event: 949.935 GC heap before
{Heap before GC invocations=19 (full 3):
 PSYoungGen      total 135168K, used 114688K [0x00000000e0000000, 0x00000000ec880000, 0x0000000100000000)
  eden space 114688K, 100% used [0x00000000e0000000,0x00000000e7000000,0x00000000e7000000)
  from space 20480K, 0% used [0x00000000e7000000,0x00000000e7000000,0x00000000e8400000)
  to   space 23040K, 0% used [0x00000000eb200000,0x00000000eb200000,0x00000000ec880000)
 ParOldGen       total 143872K, used 33407K [0x00000000a0000000, 0x00000000a8c80000, 0x00000000e0000000)
  object space 143872K, 23% used [0x00000000a0000000,0x00000000a209ff98,0x00000000a8c80000)
 Metaspace       used 59443K, capacity 61714K, committed 61844K, reserved 1103872K
  class space    used 7804K, capacity 8346K, committed 8380K, reserved 1048576K
Event: 949.956 GC heap after
Heap after GC invocations=19 (full 3):
 PSYoungGen      total 165888K, used 8819K [0x00000000e0000000, 0x00000000ec000000, 0x0000000100000000)
  eden space 151552K, 0% used [0x00000000e0000000,0x00000000e0000000,0x00000000e9400000)
  from space 14336K, 61% used [0x00000000eb200000,0x00000000eba9cc58,0x00000000ec000000)
  to   space 22528K, 0% used [0x00000000e9400000,0x00000000e9400000,0x00000000eaa00000)
 ParOldGen       total 143872K, used 33415K [0x00000000a0000000, 0x00000000a8c80000, 0x00000000e0000000)
  object space 143872K, 23% used [0x00000000a0000000,0x00000000a20a1f98,0x00000000a8c80000)
 Metaspace       used 59443K, capacity 61714K, committed 61844K, reserved 1103872K
  class space    used 7804K, capacity 8346K, committed 8380K, reserved 1048576K
}
Event: 958.856 GC heap before
{Heap before GC invocations=20 (full 3):
 PSYoungGen      total 165888K, used 160371K [0x00000000e0000000, 0x00000000ec000000, 0x0000000100000000)
  eden space 151552K, 100% used [0x00000000e0000000,0x00000000e9400000,0x00000000e9400000)
  from space 14336K, 61% used [0x00000000eb200000,0x00000000eba9cc58,0x00000000ec000000)
  to   space 22528K, 0% used [0x00000000e9400000,0x00000000e9400000,0x00000000eaa00000)
 ParOldGen       total 143872K, used 33415K [0x00000000a0000000, 0x00000000a8c80000, 0x00000000e0000000)
  object space 143872K, 23% used [0x00000000a0000000,0x00000000a20a1f98,0x00000000a8c80000)
 Metaspace       used 65235K, capacity 67700K, committed 67988K, reserved 1107968K
  class space    used 8493K, capacity 9057K, committed 9148K, reserved 1048576K
Event: 958.883 GC heap after
Heap after GC invocations=20 (full 3):
 PSYoungGen      total 174080K, used 22515K [0x00000000e0000000, 0x00000000ee500000, 0x0000000100000000)
  eden space 151552K, 0% used [0x00000000e0000000,0x00000000e0000000,0x00000000e9400000)
  from space 22528K, 99% used [0x00000000e9400000,0x00000000ea9fce20,0x00000000eaa00000)
  to   space 27136K, 0% used [0x00000000eca80000,0x00000000eca80000,0x00000000ee500000)
 ParOldGen       total 143872K, used 37972K [0x00000000a0000000, 0x00000000a8c80000, 0x00000000e0000000)
  object space 143872K, 26% used [0x00000000a0000000,0x00000000a25153f8,0x00000000a8c80000)
 Metaspace       used 65235K, capacity 67700K, committed 67988K, reserved 1107968K
  class space    used 8493K, capacity 9057K, committed 9148K, reserved 1048576K
}

