# JRE version: OpenJDK Runtime Environment (8.0_152-b01) (build 1.8.0_152-release-915-b01)
# Java VM: OpenJDK 64-Bit Server VM (25.152-b01 mixed mode windows-amd64 compressed oops)
Heap:
 PSYoungGen      total 321536K, used 203460K [0x00000000e0000000, 0x00000000fdc80000, 0x0000000100000000)
  eden space 236032K, 86% used [0x00000000e0000000,0x00000000ec6b12c0,0x00000000ee680000)
  from space 85504K, 0% used [0x00000000ee680000,0x00000000ee680000,0x00000000f3a00000)
  to   space 94208K, 0% used [0x00000000f8080000,0x00000000f8080000,0x00000000fdc80000)
 ParOldGen       total 152576K, used 40941K [0x00000000a0000000, 0x00000000a9500000, 0x00000000e0000000)
  object space 152576K, 26% used [0x00000000a0000000,0x00000000a27fb568,0x00000000a9500000)
 Metaspace       used 62767K, capacity 65038K, committed 65300K, reserved 1105920K
  class space    used 8197K, capacity 8696K, committed 8764K, reserved 1048576K
GC Heap History (10 events):
Event: 43.983 GC heap before
{Heap before GC invocations=25 (full 3):
 PSYoungGen      total 246272K, used 246246K [0x00000000e0000000, 0x00000000f7f00000, 0x0000000100000000)
  eden space 193024K, 100% used [0x00000000e0000000,0x00000000ebc80000,0x00000000ebc80000)
  from space 53248K, 99% used [0x00000000ebc80000,0x00000000ef079b80,0x00000000ef080000)
  to   space 70656K, 0% used [0x00000000f3a00000,0x00000000f3a00000,0x00000000f7f00000)
 ParOldGen       total 152576K, used 99624K [0x00000000a0000000, 0x00000000a9500000, 0x00000000e0000000)
  object space 152576K, 65% used [0x00000000a0000000,0x00000000a614a0a8,0x00000000a9500000)
 Metaspace       used 60107K, capacity 61978K, committed 62356K, reserved 1103872K
  class space    used 7800K, capacity 8274K, committed 8380K, reserved 1048576K
Event: 44.027 GC heap after
Heap after GC invocations=25 (full 3):
 PSYoungGen      total 306688K, used 70644K [0x00000000e0000000, 0x00000000f9a00000, 0x0000000100000000)
  eden space 236032K, 0% used [0x00000000e0000000,0x00000000e0000000,0x00000000ee680000)
  from space 70656K, 99% used [0x00000000f3a00000,0x00000000f7efd1e8,0x00000000f7f00000)
  to   space 85504K, 0% used [0x00000000ee680000,0x00000000ee680000,0x00000000f3a00000)
 ParOldGen       total 152576K, used 107449K [0x00000000a0000000, 0x00000000a9500000, 0x00000000e0000000)
  object space 152576K, 70% used [0x00000000a0000000,0x00000000a68ee588,0x00000000a9500000)
 Metaspace       used 60107K, capacity 61978K, committed 62356K, reserved 1103872K
  class space    used 7800K, capacity 8274K, committed 8380K, reserved 1048576K
}
Event: 47.111 GC heap before
{Heap before GC invocations=26 (full 3):
 PSYoungGen      total 306688K, used 305214K [0x00000000e0000000, 0x00000000f9a00000, 0x0000000100000000)
  eden space 236032K, 99% used [0x00000000e0000000,0x00000000ee512a08,0x00000000ee680000)
  from space 70656K, 99% used [0x00000000f3a00000,0x00000000f7efd1e8,0x00000000f7f00000)
  to   space 85504K, 0% used [0x00000000ee680000,0x00000000ee680000,0x00000000f3a00000)
 ParOldGen       total 152576K, used 107449K [0x00000000a0000000, 0x00000000a9500000, 0x00000000e0000000)
  object space 152576K, 70% used [0x00000000a0000000,0x00000000a68ee588,0x00000000a9500000)
 Metaspace       used 61016K, capacity 63094K, committed 63252K, reserved 1103872K
  class space    used 7933K, capacity 8418K, committed 8508K, reserved 1048576K
Event: 47.141 GC heap after
Heap after GC invocations=26 (full 3):
 PSYoungGen      total 321536K, used 81166K [0x00000000e0000000, 0x00000000f9a00000, 0x0000000100000000)
  eden space 236032K, 0% used [0x00000000e0000000,0x00000000e0000000,0x00000000ee680000)
  from space 85504K, 94% used [0x00000000ee680000,0x00000000f35c3a10,0x00000000f3a00000)
  to   space 70656K, 0% used [0x00000000f3a00000,0x00000000f3a00000,0x00000000f7f00000)
 ParOldGen       total 152576K, used 116874K [0x00000000a0000000, 0x00000000a9500000, 0x00000000e0000000)
  object space 152576K, 76% used [0x00000000a0000000,0x00000000a7222a80,0x00000000a9500000)
 Metaspace       used 61016K, capacity 63094K, committed 63252K, reserved 1103872K
  class space    used 7933K, capacity 8418K, committed 8508K, reserved 1048576K
}
Event: 51.599 GC heap before
{Heap before GC invocations=27 (full 3):
 PSYoungGen      total 321536K, used 317067K [0x00000000e0000000, 0x00000000f9a00000, 0x0000000100000000)
  eden space 236032K, 99% used [0x00000000e0000000,0x00000000ee65f590,0x00000000ee680000)
  from space 85504K, 94% used [0x00000000ee680000,0x00000000f35c3a10,0x00000000f3a00000)
  to   space 70656K, 0% used [0x00000000f3a00000,0x00000000f3a00000,0x00000000f7f00000)
 ParOldGen       total 152576K, used 116874K [0x00000000a0000000, 0x00000000a9500000, 0x00000000e0000000)
  object space 152576K, 76% used [0x00000000a0000000,0x00000000a7222a80,0x00000000a9500000)
 Metaspace       used 61560K, capacity 63670K, committed 63764K, reserved 1103872K
  class space    used 7988K, capacity 8482K, committed 8508K, reserved 1048576K
Event: 51.625 GC heap after
Heap after GC invocations=27 (full 3):
 PSYoungGen      total 306688K, used 53514K [0x00000000e0000000, 0x00000000f9a00000, 0x0000000100000000)
  eden space 236032K, 0% used [0x00000000e0000000,0x00000000e0000000,0x00000000ee680000)
  from space 70656K, 75% used [0x00000000f3a00000,0x00000000f6e42920,0x00000000f7f00000)
  to   space 85504K, 0% used [0x00000000ee680000,0x00000000ee680000,0x00000000f3a00000)
 ParOldGen       total 152576K, used 126014K [0x00000000a0000000, 0x00000000a9500000, 0x00000000e0000000)
  object space 152576K, 82% used [0x00000000a0000000,0x00000000a7b0f860,0x00000000a9500000)
 Metaspace       used 61560K, capacity 63670K, committed 63764K, reserved 1103872K
  class space    used 7988K, capacity 8482K, committed 8508K, reserved 1048576K
}
Event: 51.656 GC heap before
{Heap before GC invocations=28 (full 3):
 PSYoungGen      total 306688K, used 289432K [0x00000000e0000000, 0x00000000f9a00000, 0x0000000100000000)
  eden space 236032K, 99% used [0x00000000e0000000,0x00000000ee663778,0x00000000ee680000)
  from space 70656K, 75% used [0x00000000f3a00000,0x00000000f6e42920,0x00000000f7f00000)
  to   space 85504K, 0% used [0x00000000ee680000,0x00000000ee680000,0x00000000f3a00000)
 ParOldGen       total 152576K, used 126014K [0x00000000a0000000, 0x00000000a9500000, 0x00000000e0000000)
  object space 152576K, 82% used [0x00000000a0000000,0x00000000a7b0f860,0x00000000a9500000)
 Metaspace       used 61572K, capacity 63670K, committed 63764K, reserved 1103872K
  class space    used 7988K, capacity 8482K, committed 8508K, reserved 1048576K
Event: 51.675 GC heap after
Heap after GC invocations=28 (full 3):
 PSYoungGen      total 321536K, used 40784K [0x00000000e0000000, 0x00000000fdc80000, 0x0000000100000000)
  eden space 236032K, 0% used [0x00000000e0000000,0x00000000e0000000,0x00000000ee680000)
  from space 85504K, 47% used [0x00000000ee680000,0x00000000f0e540c8,0x00000000f3a00000)
  to   space 94208K, 0% used [0x00000000f8080000,0x00000000f8080000,0x00000000fdc80000)
 ParOldGen       total 152576K, used 146672K [0x00000000a0000000, 0x00000000a9500000, 0x00000000e0000000)
  object space 152576K, 96% used [0x00000000a0000000,0x00000000a8f3c1f8,0x00000000a9500000)
 Metaspace       used 61572K, capacity 63670K, committed 63764K, reserved 1103872K
  class space    used 7988K, capacity 8482K, committed 8508K, reserved 1048576K
}
Event: 51.675 GC heap before
{Heap before GC invocations=29 (full 4):
 PSYoungGen      total 321536K, used 40784K [0x00000000e0000000, 0x00000000fdc80000, 0x0000000100000000)
  eden space 236032K, 0% used [0x00000000e0000000,0x00000000e0000000,0x00000000ee680000)
  from space 85504K, 47% used [0x00000000ee680000,0x00000000f0e540c8,0x00000000f3a00000)
  to   space 94208K, 0% used [0x00000000f8080000,0x00000000f8080000,0x00000000fdc80000)
 ParOldGen       total 152576K, used 146672K [0x00000000a0000000, 0x00000000a9500000, 0x00000000e0000000)
  object space 152576K, 96% used [0x00000000a0000000,0x00000000a8f3c1f8,0x00000000a9500000)
 Metaspace       used 61572K, capacity 63670K, committed 63764K, reserved 1103872K
  class space    used 7988K, capacity 8482K, committed 8508K, reserved 1048576K
Event: 51.791 GC heap after
Heap after GC invocations=29 (full 4):
 PSYoungGen      total 321536K, used 0K [0x00000000e0000000, 0x00000000fdc80000, 0x0000000100000000)
  eden space 236032K, 0% used [0x00000000e0000000,0x00000000e0000000,0x00000000ee680000)
  from space 85504K, 0% used [0x00000000ee680000,0x00000000ee680000,0x00000000f3a00000)
  to   space 94208K, 0% used [0x00000000f8080000,0x00000000f8080000,0x00000000fdc80000)
 ParOldGen       total 152576K, used 40941K [0x00000000a0000000, 0x00000000a9500000, 0x00000000e0000000)
  object space 152576K, 26% used [0x00000000a0000000,0x00000000a27fb568,0x00000000a9500000)
 Metaspace       used 61572K, capacity 63670K, committed 63764K, reserved 1103872K
  class space    used 7988K, capacity 8482K, committed 8508K, reserved 1048576K
}

